2022-02-06 20:05:30,480 users.py:41  INFO User not added, duplicate user found
2022-02-06 20:05:30,480 users.py:41  INFO User not added, duplicate user found
2022-02-06 20:05:30,489 users.py:80  INFO search_user DoesNotExist, User not found
2022-02-06 20:05:30,489 users.py:80  INFO search_user DoesNotExist, User not found
2022-02-06 20:05:30,495 users.py:70  INFO User info not deleted, user not found
2022-02-06 20:05:30,495 users.py:70  INFO User info not deleted, user not found
2022-02-06 20:05:30,496 users.py:80  INFO search_user DoesNotExist, User not found
2022-02-06 20:05:30,496 users.py:80  INFO search_user DoesNotExist, User not found
2022-02-06 20:05:30,510 main.py:54  INFO Users csv file has blank data
2022-02-06 20:05:30,510 main.py:54  INFO Users csv file has blank data
2022-02-06 20:05:30,512 users.py:80  INFO search_user DoesNotExist, User not found
2022-02-06 20:05:30,512 users.py:80  INFO search_user DoesNotExist, User not found
2022-02-06 20:05:30,513 users.py:80  INFO search_user DoesNotExist, User not found
2022-02-06 20:05:30,513 users.py:80  INFO search_user DoesNotExist, User not found
2022-02-06 20:05:30,513 users.py:80  INFO search_user DoesNotExist, User not found
2022-02-06 20:05:30,513 users.py:80  INFO search_user DoesNotExist, User not found
2022-02-06 20:05:30,514 users.py:80  INFO search_user DoesNotExist, User not found
2022-02-06 20:05:30,514 users.py:80  INFO search_user DoesNotExist, User not found
2022-02-06 20:05:30,519 main.py:48  INFO Users csv file doesn't look like an accounts file
2022-02-06 20:05:30,519 main.py:48  INFO Users csv file doesn't look like an accounts file
2022-02-06 20:05:30,520 users.py:80  INFO search_user DoesNotExist, User not found
2022-02-06 20:05:30,520 users.py:80  INFO search_user DoesNotExist, User not found
2022-02-06 20:05:30,521 users.py:80  INFO search_user DoesNotExist, User not found
2022-02-06 20:05:30,521 users.py:80  INFO search_user DoesNotExist, User not found
2022-02-06 20:05:30,523 users.py:80  INFO search_user DoesNotExist, User not found
2022-02-06 20:05:30,523 users.py:80  INFO search_user DoesNotExist, User not found
2022-02-06 20:05:30,524 users.py:80  INFO search_user DoesNotExist, User not found
2022-02-06 20:05:30,524 users.py:80  INFO search_user DoesNotExist, User not found
2022-02-06 20:05:30,548 main.py:66  INFO UsersTable not created, duplicate user found
2022-02-06 20:05:30,548 main.py:66  INFO UsersTable not created, duplicate user found
2022-02-06 20:05:30,553 main.py:57  INFO No file matching entered value, no UsersTable has been created.
2022-02-06 20:05:30,553 main.py:57  INFO No file matching entered value, no UsersTable has been created.
2022-02-06 20:05:30,579 users.py:80  INFO search_user DoesNotExist, User not found
2022-02-06 20:05:30,579 users.py:80  INFO search_user DoesNotExist, User not found
2022-02-06 20:05:30,593 users.py:57  INFO User info not updated, user not found
2022-02-06 20:05:30,593 users.py:57  INFO User info not updated, user not found
2022-02-06 20:05:30,594 users.py:80  INFO search_user DoesNotExist, User not found
2022-02-06 20:05:30,594 users.py:80  INFO search_user DoesNotExist, User not found
2022-02-06 20:05:30,628 user_status.py:40  INFO Status not added, duplicate status found
2022-02-06 20:05:30,628 user_status.py:40  INFO Status not added, duplicate status found
2022-02-06 20:05:30,638 user_status.py:82  INFO search_status DoesNotExist, User not found
2022-02-06 20:05:30,638 user_status.py:82  INFO search_status DoesNotExist, User not found
2022-02-06 20:05:30,651 user_status.py:70  INFO Status not deleted, status not found
2022-02-06 20:05:30,651 user_status.py:70  INFO Status not deleted, status not found
2022-02-06 20:05:30,652 user_status.py:82  INFO search_status DoesNotExist, User not found
2022-02-06 20:05:30,652 user_status.py:82  INFO search_status DoesNotExist, User not found
2022-02-06 20:05:30,662 main.py:94  INFO Status csv file has blank data
2022-02-06 20:05:30,662 main.py:94  INFO Status csv file has blank data
2022-02-06 20:05:30,663 user_status.py:82  INFO search_status DoesNotExist, User not found
2022-02-06 20:05:30,663 user_status.py:82  INFO search_status DoesNotExist, User not found
2022-02-06 20:05:30,664 user_status.py:82  INFO search_status DoesNotExist, User not found
2022-02-06 20:05:30,664 user_status.py:82  INFO search_status DoesNotExist, User not found
2022-02-06 20:05:30,665 user_status.py:82  INFO search_status DoesNotExist, User not found
2022-02-06 20:05:30,665 user_status.py:82  INFO search_status DoesNotExist, User not found
2022-02-06 20:05:30,666 user_status.py:82  INFO search_status DoesNotExist, User not found
2022-02-06 20:05:30,666 user_status.py:82  INFO search_status DoesNotExist, User not found
2022-02-06 20:05:30,675 main.py:88  INFO Status csv file doesn't look like an accounts file
2022-02-06 20:05:30,675 main.py:88  INFO Status csv file doesn't look like an accounts file
2022-02-06 20:05:30,676 user_status.py:82  INFO search_status DoesNotExist, User not found
2022-02-06 20:05:30,676 user_status.py:82  INFO search_status DoesNotExist, User not found
2022-02-06 20:05:30,677 user_status.py:82  INFO search_status DoesNotExist, User not found
2022-02-06 20:05:30,677 user_status.py:82  INFO search_status DoesNotExist, User not found
2022-02-06 20:05:30,678 user_status.py:82  INFO search_status DoesNotExist, User not found
2022-02-06 20:05:30,678 user_status.py:82  INFO search_status DoesNotExist, User not found
2022-02-06 20:05:30,679 user_status.py:82  INFO search_status DoesNotExist, User not found
2022-02-06 20:05:30,679 user_status.py:82  INFO search_status DoesNotExist, User not found
2022-02-06 20:05:30,688 main.py:106 INFO StatusTable not created, duplicate user found
2022-02-06 20:05:30,688 main.py:106 INFO StatusTable not created, duplicate user found
2022-02-06 20:05:30,696 main.py:97  INFO No file matching entered value, no StatusTable has been created.
2022-02-06 20:05:30,696 main.py:97  INFO No file matching entered value, no StatusTable has been created.
2022-02-06 20:05:30,728 user_status.py:57  INFO Status info not updated, user not found
2022-02-06 20:05:30,728 user_status.py:57  INFO Status info not updated, user not found
2022-02-06 20:05:30,729 user_status.py:82  INFO search_status DoesNotExist, User not found
2022-02-06 20:05:30,729 user_status.py:82  INFO search_status DoesNotExist, User not found
2022-02-06 20:05:30,747 user_status.py:82  INFO search_status DoesNotExist, User not found
2022-02-06 20:05:30,747 user_status.py:82  INFO search_status DoesNotExist, User not found
2022-02-06 20:05:47,953 users.py:41  INFO User not added, duplicate user found
2022-02-06 20:05:47,953 users.py:41  INFO User not added, duplicate user found
2022-02-06 20:05:47,961 users.py:80  INFO search_user DoesNotExist, User not found
2022-02-06 20:05:47,961 users.py:80  INFO search_user DoesNotExist, User not found
2022-02-06 20:05:47,967 users.py:70  INFO User info not deleted, user not found
2022-02-06 20:05:47,967 users.py:70  INFO User info not deleted, user not found
2022-02-06 20:05:47,968 users.py:80  INFO search_user DoesNotExist, User not found
2022-02-06 20:05:47,968 users.py:80  INFO search_user DoesNotExist, User not found
2022-02-06 20:05:47,983 main.py:54  INFO Users csv file has blank data
2022-02-06 20:05:47,983 main.py:54  INFO Users csv file has blank data
2022-02-06 20:05:47,984 users.py:80  INFO search_user DoesNotExist, User not found
2022-02-06 20:05:47,984 users.py:80  INFO search_user DoesNotExist, User not found
2022-02-06 20:05:47,985 users.py:80  INFO search_user DoesNotExist, User not found
2022-02-06 20:05:47,985 users.py:80  INFO search_user DoesNotExist, User not found
2022-02-06 20:05:47,986 users.py:80  INFO search_user DoesNotExist, User not found
2022-02-06 20:05:47,986 users.py:80  INFO search_user DoesNotExist, User not found
2022-02-06 20:05:47,987 users.py:80  INFO search_user DoesNotExist, User not found
2022-02-06 20:05:47,987 users.py:80  INFO search_user DoesNotExist, User not found
2022-02-06 20:05:47,993 main.py:48  INFO Users csv file doesn't look like an accounts file
2022-02-06 20:05:47,993 main.py:48  INFO Users csv file doesn't look like an accounts file
2022-02-06 20:05:47,995 users.py:80  INFO search_user DoesNotExist, User not found
2022-02-06 20:05:47,995 users.py:80  INFO search_user DoesNotExist, User not found
2022-02-06 20:05:47,996 users.py:80  INFO search_user DoesNotExist, User not found
2022-02-06 20:05:47,996 users.py:80  INFO search_user DoesNotExist, User not found
2022-02-06 20:05:47,997 users.py:80  INFO search_user DoesNotExist, User not found
2022-02-06 20:05:47,997 users.py:80  INFO search_user DoesNotExist, User not found
2022-02-06 20:05:47,998 users.py:80  INFO search_user DoesNotExist, User not found
2022-02-06 20:05:47,998 users.py:80  INFO search_user DoesNotExist, User not found
2022-02-06 20:05:48,022 main.py:66  INFO UsersTable not created, duplicate user found
2022-02-06 20:05:48,022 main.py:66  INFO UsersTable not created, duplicate user found
2022-02-06 20:05:48,028 main.py:57  INFO No file matching entered value, no UsersTable has been created.
2022-02-06 20:05:48,028 main.py:57  INFO No file matching entered value, no UsersTable has been created.
2022-02-06 20:05:48,056 users.py:80  INFO search_user DoesNotExist, User not found
2022-02-06 20:05:48,056 users.py:80  INFO search_user DoesNotExist, User not found
2022-02-06 20:05:48,071 users.py:57  INFO User info not updated, user not found
2022-02-06 20:05:48,071 users.py:57  INFO User info not updated, user not found
2022-02-06 20:05:48,074 users.py:80  INFO search_user DoesNotExist, User not found
2022-02-06 20:05:48,074 users.py:80  INFO search_user DoesNotExist, User not found
2022-02-06 20:05:48,104 user_status.py:40  INFO Status not added, duplicate status found
2022-02-06 20:05:48,104 user_status.py:40  INFO Status not added, duplicate status found
2022-02-06 20:05:48,113 user_status.py:82  INFO search_status DoesNotExist, User not found
2022-02-06 20:05:48,113 user_status.py:82  INFO search_status DoesNotExist, User not found
2022-02-06 20:05:48,124 user_status.py:70  INFO Status not deleted, status not found
2022-02-06 20:05:48,124 user_status.py:70  INFO Status not deleted, status not found
2022-02-06 20:05:48,126 user_status.py:82  INFO search_status DoesNotExist, User not found
2022-02-06 20:05:48,126 user_status.py:82  INFO search_status DoesNotExist, User not found
2022-02-06 20:05:48,136 main.py:94  INFO Status csv file has blank data
2022-02-06 20:05:48,136 main.py:94  INFO Status csv file has blank data
2022-02-06 20:05:48,137 user_status.py:82  INFO search_status DoesNotExist, User not found
2022-02-06 20:05:48,137 user_status.py:82  INFO search_status DoesNotExist, User not found
2022-02-06 20:05:48,138 user_status.py:82  INFO search_status DoesNotExist, User not found
2022-02-06 20:05:48,138 user_status.py:82  INFO search_status DoesNotExist, User not found
2022-02-06 20:05:48,140 user_status.py:82  INFO search_status DoesNotExist, User not found
2022-02-06 20:05:48,140 user_status.py:82  INFO search_status DoesNotExist, User not found
2022-02-06 20:05:48,142 user_status.py:82  INFO search_status DoesNotExist, User not found
2022-02-06 20:05:48,142 user_status.py:82  INFO search_status DoesNotExist, User not found
2022-02-06 20:05:48,152 main.py:88  INFO Status csv file doesn't look like an accounts file
2022-02-06 20:05:48,152 main.py:88  INFO Status csv file doesn't look like an accounts file
2022-02-06 20:05:48,153 user_status.py:82  INFO search_status DoesNotExist, User not found
2022-02-06 20:05:48,153 user_status.py:82  INFO search_status DoesNotExist, User not found
2022-02-06 20:05:48,154 user_status.py:82  INFO search_status DoesNotExist, User not found
2022-02-06 20:05:48,154 user_status.py:82  INFO search_status DoesNotExist, User not found
2022-02-06 20:05:48,155 user_status.py:82  INFO search_status DoesNotExist, User not found
2022-02-06 20:05:48,155 user_status.py:82  INFO search_status DoesNotExist, User not found
2022-02-06 20:05:48,156 user_status.py:82  INFO search_status DoesNotExist, User not found
2022-02-06 20:05:48,156 user_status.py:82  INFO search_status DoesNotExist, User not found
2022-02-06 20:05:48,167 main.py:106 INFO StatusTable not created, duplicate user found
2022-02-06 20:05:48,167 main.py:106 INFO StatusTable not created, duplicate user found
2022-02-06 20:05:48,178 main.py:97  INFO No file matching entered value, no StatusTable has been created.
2022-02-06 20:05:48,178 main.py:97  INFO No file matching entered value, no StatusTable has been created.
2022-02-06 20:05:48,212 user_status.py:57  INFO Status info not updated, user not found
2022-02-06 20:05:48,212 user_status.py:57  INFO Status info not updated, user not found
2022-02-06 20:05:48,213 user_status.py:82  INFO search_status DoesNotExist, User not found
2022-02-06 20:05:48,213 user_status.py:82  INFO search_status DoesNotExist, User not found
2022-02-06 20:05:48,231 user_status.py:82  INFO search_status DoesNotExist, User not found
2022-02-06 20:05:48,231 user_status.py:82  INFO search_status DoesNotExist, User not found
